<?xml version="1.0" encoding="UTF-8"?>
<!-- Generated by org.testng.reporters.JUnitXMLReporter -->
<testsuite hostname="LAPTOP-M7SNESN3" ignored="0" name="Test" tests="4" failures="0" timestamp="२९ सितंबर २०२१ ०९:५५:३२ GMT" time="0.038" errors="0">
  <testcase name="deleteTwitter" time="0.007" classname="academy.RestApiTest"/>
  <testcase name="postJira" time="0.0" classname="academy.RestApiTest"/>
  <testcase name="browserAutomation" time="0.0" classname="academy.SeleniumTest"/>
  <testcase name="elementsUi" time="0.0" classname="academy.SeleniumTest"/>
</testsuite> <!-- Test -->
