<?xml version="1.0" encoding="UTF-8"?>
<testng-results skipped="0" failed="0" ignored="0" total="4" passed="4">
  <reporter-output>
  </reporter-output>
  <suite name="Suite" duration-ms="38" started-at="२०२१-०९-२९T०९:५५:३२Z" finished-at="२०२१-०९-२९T०९:५५:३२Z">
    <groups>
    </groups>
    <test name="Test" duration-ms="38" started-at="२०२१-०९-२९T०९:५५:३२Z" finished-at="२०२१-०९-२९T०९:५५:३२Z">
      <class name="academy.RestApiTest">
        <test-method status="PASS" signature="deleteTwitter()[pri:0, instance:academy.RestApiTest@14a2f921]" name="deleteTwitter" duration-ms="7" started-at="२०२१-०९-२९T०९:५५:३२Z" finished-at="२०२१-०९-२९T०९:५५:३२Z">
          <reporter-output>
          </reporter-output>
        </test-method> <!-- deleteTwitter -->
        <test-method status="PASS" signature="postJira()[pri:0, instance:academy.RestApiTest@14a2f921]" name="postJira" duration-ms="0" started-at="२०२१-०९-२९T०९:५५:३२Z" finished-at="२०२१-०९-२९T०९:५५:३२Z">
          <reporter-output>
          </reporter-output>
        </test-method> <!-- postJira -->
      </class> <!-- academy.RestApiTest -->
      <class name="academy.SeleniumTest">
        <test-method status="PASS" signature="browserAutomation()[pri:0, instance:academy.SeleniumTest@3c87521]" name="browserAutomation" duration-ms="0" started-at="२०२१-०९-२९T०९:५५:३२Z" finished-at="२०२१-०९-२९T०९:५५:३२Z">
          <reporter-output>
          </reporter-output>
        </test-method> <!-- browserAutomation -->
        <test-method status="PASS" signature="elementsUi()[pri:0, instance:academy.SeleniumTest@3c87521]" name="elementsUi" duration-ms="0" started-at="२०२१-०९-२९T०९:५५:३२Z" finished-at="२०२१-०९-२९T०९:५५:३२Z">
          <reporter-output>
          </reporter-output>
        </test-method> <!-- elementsUi -->
      </class> <!-- academy.SeleniumTest -->
    </test> <!-- Test -->
  </suite> <!-- Suite -->
</testng-results>
